<?xml version="1.0" encoding="UTF-8"?>
<!-- Generated by org.testng.reporters.JUnitXMLReporter -->
<testsuite ignored="1" hostname="DESKTOP-GIL2FHK" failures="0" tests="1" name="NegativeUsernameTests" time="13.342" errors="0" timestamp="2024-05-14T08:14:47 IST">
  <testcase classname="com.herokuapp.theinternet.loginTests" name="negativeLoginTest" time="10.763"/>
  <testcase classname="com.herokuapp.theinternet.loginTests" name="positiveLoginTest" time="0.0">
    <ignored/>
  </testcase> <!-- positiveLoginTest -->
</testsuite> <!-- NegativeUsernameTests -->
