<?xml version="1.0" encoding="UTF-8"?>
<!-- Generated by org.testng.reporters.JUnitXMLReporter -->
<testsuite ignored="1" hostname="DESKTOP-GIL2FHK" failures="0" tests="1" name="NegativePasswordTests" time="13.986" errors="0" timestamp="2024-05-14T08:15:01 IST">
  <testcase classname="com.herokuapp.theinternet.loginTests" name="negativeLoginTest" time="11.279"/>
  <testcase classname="com.herokuapp.theinternet.loginTests" name="positiveLoginTest" time="0.0">
    <ignored/>
  </testcase> <!-- positiveLoginTest -->
</testsuite> <!-- NegativePasswordTests -->
