<?xml version="1.0" encoding="UTF-8"?>
<!-- Generated by org.testng.reporters.JUnitXMLReporter -->
<testsuite ignored="1" hostname="DESKTOP-GIL2FHK" failures="0" tests="1" name="NegativeTests" time="11.7" errors="0" timestamp="2024-05-13T12:45:54 IST">
  <testcase classname="com.herokuapp.theinternet.NegativeTests" name="negativeUsernameTest" time="11.621"/>
  <testcase classname="com.herokuapp.theinternet.NegativeTests" name="negativePasswordTest" time="0.0">
    <ignored/>
  </testcase> <!-- negativePasswordTest -->
</testsuite> <!-- NegativeTests -->
