<?xml version="1.0" encoding="UTF-8"?>
<!-- Generated by org.testng.reporters.JUnitXMLReporter -->
<testsuite ignored="1" hostname="DESKTOP-GIL2FHK" failures="0" tests="1" name="PositiveTests" time="19.786" errors="0" timestamp="2024-05-14T08:14:33 IST">
  <testcase classname="com.herokuapp.theinternet.loginTests" name="positiveLoginTest" time="16.012"/>
  <testcase classname="com.herokuapp.theinternet.loginTests" name="negativeLoginTest" time="0.0">
    <ignored/>
  </testcase> <!-- negativeLoginTest -->
</testsuite> <!-- PositiveTests -->
