<?xml version="1.0" encoding="UTF-8"?>
<!-- Generated by org.testng.reporters.JUnitXMLReporter -->
<testsuite ignored="0" hostname="DESKTOP-GIL2FHK" failures="0" tests="2" name="Default test" time="25.508" errors="0" timestamp="2024-05-13T12:34:37 IST">
  <testcase classname="com.herokuapp.theinternet.NegativeTests" name="negativeUsernameTest" time="14.942"/>
  <testcase classname="com.herokuapp.theinternet.NegativeTests" name="negativePasswordTest" time="10.486"/>
</testsuite> <!-- Default test -->
