<?xml version="1.0" encoding="UTF-8"?>
<!-- Generated by org.testng.reporters.JUnitXMLReporter -->
<testsuite ignored="0" hostname="DESKTOP-GIL2FHK" failures="0" tests="2" name="NegativeTests" time="24.676" errors="0" timestamp="2024-05-13T12:09:47 IST">
  <testcase classname="com.herokuapp.theinternet.NegativeTests" name="negativePasswordTest" time="13.192"/>
  <testcase classname="com.herokuapp.theinternet.NegativeTests" name="negativeUsernameTest" time="11.472"/>
</testsuite> <!-- NegativeTests -->
