<?xml version="1.0" encoding="UTF-8"?>
<testng-results ignored="0" total="3" passed="3" failed="0" skipped="0">
  <reporter-output>
  </reporter-output>
  <suite started-at="2024-05-13T12:14:27 IST" name="AllTests" finished-at="2024-05-13T12:15:10 IST" duration-ms="42549">
    <groups>
    </groups>
    <test started-at="2024-05-13T12:14:27 IST" name="PositiveTests" finished-at="2024-05-13T12:14:48 IST" duration-ms="20946">
      <class name="com.herokuapp.theinternet.PositiveTests">
        <test-method signature="loginTest()[pri:0, instance:com.herokuapp.theinternet.PositiveTests@34b7ac2f]" started-at="2024-05-13T12:14:27 IST" name="loginTest" finished-at="2024-05-13T12:14:48 IST" duration-ms="20878" status="PASS">
          <reporter-output>
          </reporter-output>
        </test-method> <!-- loginTest -->
      </class> <!-- com.herokuapp.theinternet.PositiveTests -->
    </test> <!-- PositiveTests -->
    <test started-at="2024-05-13T12:14:48 IST" name="NegativeTests" finished-at="2024-05-13T12:15:10 IST" duration-ms="21536">
      <class name="com.herokuapp.theinternet.NegativeTests">
        <test-method signature="negativePasswordTest()[pri:0, instance:com.herokuapp.theinternet.NegativeTests@6e171cd7]" started-at="2024-05-13T12:14:48 IST" name="negativePasswordTest" finished-at="2024-05-13T12:14:59 IST" duration-ms="11304" status="PASS">
          <reporter-output>
          </reporter-output>
        </test-method> <!-- negativePasswordTest -->
        <test-method signature="negativeUsernameTest()[pri:0, instance:com.herokuapp.theinternet.NegativeTests@6e171cd7]" started-at="2024-05-13T12:14:59 IST" name="negativeUsernameTest" finished-at="2024-05-13T12:15:10 IST" duration-ms="10224" status="PASS">
          <reporter-output>
          </reporter-output>
        </test-method> <!-- negativeUsernameTest -->
      </class> <!-- com.herokuapp.theinternet.NegativeTests -->
    </test> <!-- NegativeTests -->
  </suite> <!-- AllTests -->
</testng-results>
