<?xml version="1.0" encoding="UTF-8"?>
<!-- Generated by org.testng.reporters.JUnitXMLReporter -->
<testsuite ignored="3" hostname="DESKTOP-GIL2FHK" failures="0" tests="1" name="ExceptionTest" time="5.666" errors="0" timestamp="2024-05-15T08:59:52 IST">
  <testcase classname="com.herokuapp.theinternet.ExceptionTests" name="staleElementReferenceExceptionTest" time="3.059"/>
  <testcase classname="com.herokuapp.theinternet.ExceptionTests" name="noSuchElementExceptionTests" time="0.0">
    <ignored/>
  </testcase> <!-- noSuchElementExceptionTests -->
  <testcase classname="com.herokuapp.theinternet.ExceptionTests" name="elementNotInteractableExceptionTest" time="0.0">
    <ignored/>
  </testcase> <!-- elementNotInteractableExceptionTest -->
  <testcase classname="com.herokuapp.theinternet.ExceptionTests" name="invalidElementStateExceptionTest" time="0.0">
    <ignored/>
  </testcase> <!-- invalidElementStateExceptionTest -->
</testsuite> <!-- ExceptionTest -->
