<?xml version="1.0" encoding="UTF-8"?>
<!-- Generated by org.testng.reporters.JUnitXMLReporter -->
<testsuite ignored="0" hostname="DESKTOP-GIL2FHK" failures="0" tests="2" name="NegativeTests" time="21.536" errors="0" timestamp="2024-05-13T12:15:10 IST">
  <testcase classname="com.herokuapp.theinternet.NegativeTests" name="negativePasswordTest" time="11.304"/>
  <testcase classname="com.herokuapp.theinternet.NegativeTests" name="negativeUsernameTest" time="10.224"/>
</testsuite> <!-- NegativeTests -->
