<?xml version="1.0" encoding="UTF-8"?>
<testng-results ignored="0" total="1" passed="1" failed="0" skipped="0">
  <reporter-output>
  </reporter-output>
  <suite started-at="2024-05-15T08:59:46 IST" name="ExceptionTests" finished-at="2024-05-15T08:59:52 IST" duration-ms="5666">
    <groups>
    </groups>
    <test started-at="2024-05-15T08:59:46 IST" name="ExceptionTest" finished-at="2024-05-15T08:59:52 IST" duration-ms="5666">
      <class name="com.herokuapp.theinternet.ExceptionTests">
        <test-method is-config="true" signature="setUp(java.lang.String)[pri:0, instance:com.herokuapp.theinternet.ExceptionTests@9597028]" started-at="2024-05-15T08:59:46 IST" name="setUp" finished-at="2024-05-15T08:59:48 IST" duration-ms="2350" status="PASS">
          <params>
            <param index="0">
              <value>
                <![CDATA[chrome]]>
              </value>
            </param>
          </params>
          <reporter-output>
          </reporter-output>
        </test-method> <!-- setUp -->
        <test-method signature="staleElementReferenceExceptionTest()[pri:0, instance:com.herokuapp.theinternet.ExceptionTests@9597028]" started-at="2024-05-15T08:59:48 IST" name="staleElementReferenceExceptionTest" finished-at="2024-05-15T08:59:51 IST" duration-ms="3059" status="PASS">
          <reporter-output>
          </reporter-output>
        </test-method> <!-- staleElementReferenceExceptionTest -->
        <test-method is-config="true" signature="tearDown()[pri:0, instance:com.herokuapp.theinternet.ExceptionTests@9597028]" started-at="2024-05-15T08:59:51 IST" name="tearDown" finished-at="2024-05-15T08:59:52 IST" duration-ms="179" status="PASS">
          <reporter-output>
          </reporter-output>
        </test-method> <!-- tearDown -->
      </class> <!-- com.herokuapp.theinternet.ExceptionTests -->
    </test> <!-- ExceptionTest -->
  </suite> <!-- ExceptionTests -->
</testng-results>
